<?xml version="1.0" encoding="UTF-8"?>
<coverage generated="1703801176432" clover="3.2.0">
  <project timestamp="1703801176432" name="All files">
    <metrics statements="74" coveredstatements="62" conditionals="50" coveredconditionals="36" methods="17" coveredmethods="14" elements="141" coveredelements="112" complexity="0" loc="74" ncloc="74" packages="1" files="1" classes="1"/>
    <file name="core.js" path="/Users/jedtiotuico/swift/vdom-native/metroish-bundler/src/core.js">
      <metrics statements="74" coveredstatements="62" conditionals="50" coveredconditionals="36" methods="17" coveredmethods="14"/>
      <line num="11" count="10" type="stmt"/>
      <line num="13" count="4" type="cond" truecount="2" falsecount="0"/>
      <line num="16" count="4" type="stmt"/>
      <line num="21" count="4" type="cond" truecount="1" falsecount="1"/>
      <line num="22" count="0" type="stmt"/>
      <line num="26" count="4" type="stmt"/>
      <line num="31" count="9" type="stmt"/>
      <line num="38" count="8" type="stmt"/>
      <line num="48" count="8" type="stmt"/>
      <line num="49" count="10" type="stmt"/>
      <line num="50" count="10" type="cond" truecount="3" falsecount="1"/>
      <line num="52" count="0" type="stmt"/>
      <line num="53" count="10" type="cond" truecount="2" falsecount="0"/>
      <line num="54" count="8" type="stmt"/>
      <line num="56" count="2" type="stmt"/>
      <line num="60" count="2" type="stmt"/>
      <line num="63" count="11" type="stmt"/>
      <line num="64" count="11" type="cond" truecount="2" falsecount="0"/>
      <line num="68" count="2" type="stmt"/>
      <line num="70" count="9" type="cond" truecount="2" falsecount="0"/>
      <line num="75" count="5" type="stmt"/>
      <line num="81" count="4" type="stmt"/>
      <line num="96" count="13" type="cond" truecount="1" falsecount="1"/>
      <line num="97" count="0" type="stmt"/>
      <line num="98" count="13" type="cond" truecount="2" falsecount="0"/>
      <line num="99" count="7" type="stmt"/>
      <line num="101" count="6" type="stmt"/>
      <line num="109" count="9" type="stmt"/>
      <line num="119" count="1" type="stmt"/>
      <line num="123" count="1" type="stmt"/>
      <line num="124" count="1" type="stmt"/>
      <line num="125" count="1" type="cond" truecount="1" falsecount="1"/>
      <line num="126" count="0" type="stmt"/>
      <line num="131" count="1" type="stmt"/>
      <line num="134" count="1" type="stmt"/>
      <line num="135" count="1" type="stmt"/>
      <line num="139" count="0" type="stmt"/>
      <line num="140" count="0" type="stmt"/>
      <line num="143" count="1" type="stmt"/>
      <line num="146" count="1" type="stmt"/>
      <line num="150" count="1" type="stmt"/>
      <line num="151" count="1" type="stmt"/>
      <line num="152" count="1" type="cond" truecount="1" falsecount="1"/>
      <line num="153" count="0" type="stmt"/>
      <line num="154" count="1" type="cond" truecount="1" falsecount="1"/>
      <line num="155" count="1" type="stmt"/>
      <line num="156" count="0" type="cond" truecount="0" falsecount="2"/>
      <line num="157" count="0" type="stmt"/>
      <line num="159" count="0" type="stmt"/>
      <line num="162" count="1" type="stmt"/>
      <line num="166" count="2" type="cond" truecount="4" falsecount="0"/>
      <line num="167" count="1" type="stmt"/>
      <line num="168" count="1" type="stmt"/>
      <line num="169" count="1" type="stmt"/>
      <line num="170" count="1" type="cond" truecount="3" falsecount="1"/>
      <line num="172" count="1" type="stmt"/>
      <line num="173" count="1" type="cond" truecount="1" falsecount="1"/>
      <line num="174" count="1" type="stmt"/>
      <line num="175" count="0" type="stmt"/>
      <line num="178" count="1" type="stmt"/>
      <line num="180" count="1" type="stmt"/>
      <line num="181" count="1" type="stmt"/>
      <line num="185" count="1" type="stmt"/>
      <line num="186" count="1" type="stmt"/>
      <line num="189" count="1" type="stmt"/>
      <line num="190" count="1" type="cond" truecount="1" falsecount="1"/>
      <line num="191" count="1" type="stmt"/>
      <line num="192" count="0" type="stmt"/>
      <line num="197" count="1" type="stmt"/>
      <line num="200" count="1" type="stmt"/>
      <line num="201" count="1" type="cond" truecount="3" falsecount="1"/>
      <line num="202" count="1" type="stmt"/>
      <line num="206" count="1" type="stmt"/>
      <line num="208" count="1" type="stmt"/>
    </file>
  </project>
</coverage>
