{"/Users/jedtiotuico/swift/vdom-native/metroish-bundler/src/core.js": {"path":"/Users/jedtiotuico/swift/vdom-native/metroish-bundler/src/core.js","statementMap":{"0":{"start":{"line":11,"column":2},"end":{"line":27,"column":4}},"1":{"start":{"line":13,"column":22},"end":{"line":13,"column":58}},"2":{"start":{"line":16,"column":22},"end":{"line":19,"column":6}},"3":{"start":{"line":21,"column":4},"end":{"line":23,"column":5}},"4":{"start":{"line":22,"column":6},"end":{"line":22,"column":60}},"5":{"start":{"line":26,"column":4},"end":{"line":26,"column":16}},"6":{"start":{"line":31,"column":26},"end":{"line":35,"column":4}},"7":{"start":{"line":38,"column":4},"end":{"line":44,"column":7}},"8":{"start":{"line":48,"column":23},"end":{"line":58,"column":6}},"9":{"start":{"line":49,"column":6},"end":{"line":49,"column":39}},"10":{"start":{"line":50,"column":6},"end":{"line":57,"column":7}},"11":{"start":{"line":52,"column":8},"end":{"line":52,"column":43}},"12":{"start":{"line":53,"column":13},"end":{"line":57,"column":7}},"13":{"start":{"line":54,"column":8},"end":{"line":54,"column":36}},"14":{"start":{"line":56,"column":8},"end":{"line":56,"column":68}},"15":{"start":{"line":60,"column":4},"end":{"line":60,"column":22}},"16":{"start":{"line":63,"column":33},"end":{"line":63,"column":53}},"17":{"start":{"line":64,"column":4},"end":{"line":92,"column":5}},"18":{"start":{"line":68,"column":6},"end":{"line":68,"column":64}},"19":{"start":{"line":70,"column":6},"end":{"line":91,"column":7}},"20":{"start":{"line":75,"column":8},"end":{"line":79,"column":11}},"21":{"start":{"line":81,"column":8},"end":{"line":90,"column":10}},"22":{"start":{"line":96,"column":4},"end":{"line":106,"column":5}},"23":{"start":{"line":97,"column":6},"end":{"line":97,"column":34}},"24":{"start":{"line":98,"column":11},"end":{"line":106,"column":5}},"25":{"start":{"line":99,"column":6},"end":{"line":99,"column":35}},"26":{"start":{"line":101,"column":6},"end":{"line":105,"column":9}},"27":{"start":{"line":109,"column":2},"end":{"line":115,"column":4}},"28":{"start":{"line":119,"column":21},"end":{"line":121,"column":4}},"29":{"start":{"line":123,"column":20},"end":{"line":144,"column":3}},"30":{"start":{"line":124,"column":29},"end":{"line":124,"column":53}},"31":{"start":{"line":125,"column":4},"end":{"line":129,"column":5}},"32":{"start":{"line":126,"column":6},"end":{"line":128,"column":8}},"33":{"start":{"line":131,"column":16},"end":{"line":131,"column":24}},"34":{"start":{"line":134,"column":6},"end":{"line":134,"column":14}},"35":{"start":{"line":135,"column":6},"end":{"line":135,"column":19}},"36":{"start":{"line":139,"column":6},"end":{"line":139,"column":16}},"37":{"start":{"line":140,"column":6},"end":{"line":140,"column":36}},"38":{"start":{"line":143,"column":4},"end":{"line":143,"column":32}},"39":{"start":{"line":146,"column":2},"end":{"line":146,"column":35}},"40":{"start":{"line":150,"column":18},"end":{"line":150,"column":20}},"41":{"start":{"line":151,"column":2},"end":{"line":161,"column":5}},"42":{"start":{"line":152,"column":4},"end":{"line":160,"column":5}},"43":{"start":{"line":153,"column":6},"end":{"line":153,"column":35}},"44":{"start":{"line":154,"column":11},"end":{"line":160,"column":5}},"45":{"start":{"line":155,"column":6},"end":{"line":155,"column":34}},"46":{"start":{"line":156,"column":11},"end":{"line":160,"column":5}},"47":{"start":{"line":157,"column":6},"end":{"line":157,"column":18}},"48":{"start":{"line":159,"column":6},"end":{"line":159,"column":66}},"49":{"start":{"line":162,"column":2},"end":{"line":162,"column":19}},"50":{"start":{"line":166,"column":2},"end":{"line":182,"column":3}},"51":{"start":{"line":167,"column":21},"end":{"line":167,"column":41}},"52":{"start":{"line":168,"column":20},"end":{"line":168,"column":39}},"53":{"start":{"line":169,"column":28},"end":{"line":169,"column":41}},"54":{"start":{"line":170,"column":4},"end":{"line":179,"column":5}},"55":{"start":{"line":172,"column":24},"end":{"line":172,"column":41}},"56":{"start":{"line":173,"column":6},"end":{"line":177,"column":7}},"57":{"start":{"line":174,"column":8},"end":{"line":176,"column":11}},"58":{"start":{"line":175,"column":10},"end":{"line":175,"column":52}},"59":{"start":{"line":178,"column":6},"end":{"line":178,"column":49}},"60":{"start":{"line":180,"column":4},"end":{"line":180,"column":41}},"61":{"start":{"line":181,"column":4},"end":{"line":181,"column":29}},"62":{"start":{"line":185,"column":18},"end":{"line":185,"column":37}},"63":{"start":{"line":186,"column":18},"end":{"line":186,"column":31}},"64":{"start":{"line":189,"column":16},"end":{"line":189,"column":33}},"65":{"start":{"line":190,"column":2},"end":{"line":194,"column":3}},"66":{"start":{"line":191,"column":4},"end":{"line":193,"column":7}},"67":{"start":{"line":192,"column":6},"end":{"line":192,"column":40}},"68":{"start":{"line":197,"column":2},"end":{"line":197,"column":19}},"69":{"start":{"line":200,"column":19},"end":{"line":200,"column":39}},"70":{"start":{"line":201,"column":2},"end":{"line":203,"column":3}},"71":{"start":{"line":202,"column":4},"end":{"line":202,"column":37}},"72":{"start":{"line":206,"column":2},"end":{"line":206,"column":31}},"73":{"start":{"line":208,"column":2},"end":{"line":208,"column":19}}},"fnMap":{"0":{"name":"schematizer","decl":{"start":{"line":10,"column":9},"end":{"line":10,"column":20}},"loc":{"start":{"line":10,"column":28},"end":{"line":28,"column":1}},"line":10},"1":{"name":"(anonymous_1)","decl":{"start":{"line":11,"column":9},"end":{"line":11,"column":10}},"loc":{"start":{"line":11,"column":25},"end":{"line":27,"column":3}},"line":11},"2":{"name":"fnMap","decl":{"start":{"line":30,"column":9},"end":{"line":30,"column":14}},"loc":{"start":{"line":30,"column":17},"end":{"line":116,"column":1}},"line":30},"3":{"name":"h","decl":{"start":{"line":37,"column":11},"end":{"line":37,"column":12}},"loc":{"start":{"line":37,"column":42},"end":{"line":45,"column":3}},"line":37},"4":{"name":"processListNode","decl":{"start":{"line":47,"column":11},"end":{"line":47,"column":26}},"loc":{"start":{"line":47,"column":33},"end":{"line":61,"column":3}},"line":47},"5":{"name":"(anonymous_5)","decl":{"start":{"line":48,"column":32},"end":{"line":48,"column":33}},"loc":{"start":{"line":48,"column":42},"end":{"line":58,"column":5}},"line":48},"6":{"name":"processMapNode","decl":{"start":{"line":62,"column":11},"end":{"line":62,"column":25}},"loc":{"start":{"line":62,"column":32},"end":{"line":93,"column":3}},"line":62},"7":{"name":"processChildren","decl":{"start":{"line":95,"column":11},"end":{"line":95,"column":26}},"loc":{"start":{"line":95,"column":33},"end":{"line":107,"column":3}},"line":95},"8":{"name":"testFnList","decl":{"start":{"line":118,"column":9},"end":{"line":118,"column":19}},"loc":{"start":{"line":118,"column":22},"end":{"line":147,"column":1}},"line":118},"9":{"name":"(anonymous_9)","decl":{"start":{"line":123,"column":20},"end":{"line":123,"column":21}},"loc":{"start":{"line":123,"column":38},"end":{"line":144,"column":3}},"line":123},"10":{"name":"increment","decl":{"start":{"line":133,"column":13},"end":{"line":133,"column":22}},"loc":{"start":{"line":133,"column":25},"end":{"line":136,"column":5}},"line":133},"11":{"name":"reset","decl":{"start":{"line":138,"column":13},"end":{"line":138,"column":18}},"loc":{"start":{"line":138,"column":21},"end":{"line":141,"column":5}},"line":138},"12":{"name":"listToXML","decl":{"start":{"line":149,"column":9},"end":{"line":149,"column":18}},"loc":{"start":{"line":149,"column":25},"end":{"line":163,"column":1}},"line":149},"13":{"name":"(anonymous_13)","decl":{"start":{"line":151,"column":15},"end":{"line":151,"column":16}},"loc":{"start":{"line":151,"column":25},"end":{"line":161,"column":3}},"line":151},"14":{"name":"mapToXML","decl":{"start":{"line":164,"column":9},"end":{"line":164,"column":17}},"loc":{"start":{"line":164,"column":24},"end":{"line":209,"column":1}},"line":164},"15":{"name":"(anonymous_15)","decl":{"start":{"line":174,"column":26},"end":{"line":174,"column":27}},"loc":{"start":{"line":174,"column":42},"end":{"line":176,"column":9}},"line":174},"16":{"name":"(anonymous_16)","decl":{"start":{"line":191,"column":18},"end":{"line":191,"column":19}},"loc":{"start":{"line":191,"column":34},"end":{"line":193,"column":5}},"line":191}},"branchMap":{"0":{"loc":{"start":{"line":13,"column":22},"end":{"line":13,"column":58}},"type":"cond-expr","locations":[{"start":{"line":13,"column":40},"end":{"line":13,"column":51}},{"start":{"line":13,"column":54},"end":{"line":13,"column":58}}],"line":13},"1":{"loc":{"start":{"line":21,"column":4},"end":{"line":23,"column":5}},"type":"if","locations":[{"start":{"line":21,"column":4},"end":{"line":23,"column":5}},{"start":{},"end":{}}],"line":21},"2":{"loc":{"start":{"line":40,"column":17},"end":{"line":40,"column":28}},"type":"binary-expr","locations":[{"start":{"line":40,"column":17},"end":{"line":40,"column":22}},{"start":{"line":40,"column":26},"end":{"line":40,"column":28}}],"line":40},"3":{"loc":{"start":{"line":42,"column":24},"end":{"line":42,"column":71}},"type":"cond-expr","locations":[{"start":{"line":42,"column":49},"end":{"line":42,"column":60}},{"start":{"line":42,"column":63},"end":{"line":42,"column":71}}],"line":42},"4":{"loc":{"start":{"line":50,"column":6},"end":{"line":57,"column":7}},"type":"if","locations":[{"start":{"line":50,"column":6},"end":{"line":57,"column":7}},{"start":{"line":53,"column":13},"end":{"line":57,"column":7}}],"line":50},"5":{"loc":{"start":{"line":50,"column":10},"end":{"line":50,"column":50}},"type":"binary-expr","locations":[{"start":{"line":50,"column":10},"end":{"line":50,"column":27}},{"start":{"line":50,"column":31},"end":{"line":50,"column":50}}],"line":50},"6":{"loc":{"start":{"line":53,"column":13},"end":{"line":57,"column":7}},"type":"if","locations":[{"start":{"line":53,"column":13},"end":{"line":57,"column":7}},{"start":{"line":55,"column":13},"end":{"line":57,"column":7}}],"line":53},"7":{"loc":{"start":{"line":64,"column":4},"end":{"line":92,"column":5}},"type":"if","locations":[{"start":{"line":64,"column":4},"end":{"line":92,"column":5}},{"start":{"line":69,"column":11},"end":{"line":92,"column":5}}],"line":64},"8":{"loc":{"start":{"line":65,"column":6},"end":{"line":66,"column":46}},"type":"binary-expr","locations":[{"start":{"line":65,"column":6},"end":{"line":65,"column":36}},{"start":{"line":66,"column":6},"end":{"line":66,"column":46}}],"line":65},"9":{"loc":{"start":{"line":70,"column":6},"end":{"line":91,"column":7}},"type":"if","locations":[{"start":{"line":70,"column":6},"end":{"line":91,"column":7}},{"start":{"line":80,"column":13},"end":{"line":91,"column":7}}],"line":70},"10":{"loc":{"start":{"line":71,"column":8},"end":{"line":72,"column":43}},"type":"binary-expr","locations":[{"start":{"line":71,"column":8},"end":{"line":71,"column":41}},{"start":{"line":72,"column":8},"end":{"line":72,"column":43}}],"line":71},"11":{"loc":{"start":{"line":96,"column":4},"end":{"line":106,"column":5}},"type":"if","locations":[{"start":{"line":96,"column":4},"end":{"line":106,"column":5}},{"start":{"line":98,"column":11},"end":{"line":106,"column":5}}],"line":96},"12":{"loc":{"start":{"line":98,"column":11},"end":{"line":106,"column":5}},"type":"if","locations":[{"start":{"line":98,"column":11},"end":{"line":106,"column":5}},{"start":{"line":100,"column":11},"end":{"line":106,"column":5}}],"line":98},"13":{"loc":{"start":{"line":125,"column":4},"end":{"line":129,"column":5}},"type":"if","locations":[{"start":{"line":125,"column":4},"end":{"line":129,"column":5}},{"start":{},"end":{}}],"line":125},"14":{"loc":{"start":{"line":152,"column":4},"end":{"line":160,"column":5}},"type":"if","locations":[{"start":{"line":152,"column":4},"end":{"line":160,"column":5}},{"start":{"line":154,"column":11},"end":{"line":160,"column":5}}],"line":152},"15":{"loc":{"start":{"line":154,"column":11},"end":{"line":160,"column":5}},"type":"if","locations":[{"start":{"line":154,"column":11},"end":{"line":160,"column":5}},{"start":{"line":156,"column":11},"end":{"line":160,"column":5}}],"line":154},"16":{"loc":{"start":{"line":156,"column":11},"end":{"line":160,"column":5}},"type":"if","locations":[{"start":{"line":156,"column":11},"end":{"line":160,"column":5}},{"start":{"line":158,"column":11},"end":{"line":160,"column":5}}],"line":156},"17":{"loc":{"start":{"line":166,"column":2},"end":{"line":182,"column":3}},"type":"if","locations":[{"start":{"line":166,"column":2},"end":{"line":182,"column":3}},{"start":{},"end":{}}],"line":166},"18":{"loc":{"start":{"line":166,"column":6},"end":{"line":166,"column":48}},"type":"binary-expr","locations":[{"start":{"line":166,"column":6},"end":{"line":166,"column":14}},{"start":{"line":166,"column":18},"end":{"line":166,"column":48}}],"line":166},"19":{"loc":{"start":{"line":170,"column":4},"end":{"line":179,"column":5}},"type":"if","locations":[{"start":{"line":170,"column":4},"end":{"line":179,"column":5}},{"start":{},"end":{}}],"line":170},"20":{"loc":{"start":{"line":170,"column":8},"end":{"line":170,"column":37}},"type":"binary-expr","locations":[{"start":{"line":170,"column":8},"end":{"line":170,"column":16}},{"start":{"line":170,"column":20},"end":{"line":170,"column":37}}],"line":170},"21":{"loc":{"start":{"line":173,"column":6},"end":{"line":177,"column":7}},"type":"if","locations":[{"start":{"line":173,"column":6},"end":{"line":177,"column":7}},{"start":{},"end":{}}],"line":173},"22":{"loc":{"start":{"line":190,"column":2},"end":{"line":194,"column":3}},"type":"if","locations":[{"start":{"line":190,"column":2},"end":{"line":194,"column":3}},{"start":{},"end":{}}],"line":190},"23":{"loc":{"start":{"line":201,"column":2},"end":{"line":203,"column":3}},"type":"if","locations":[{"start":{"line":201,"column":2},"end":{"line":203,"column":3}},{"start":{},"end":{}}],"line":201},"24":{"loc":{"start":{"line":201,"column":6},"end":{"line":201,"column":35}},"type":"binary-expr","locations":[{"start":{"line":201,"column":6},"end":{"line":201,"column":14}},{"start":{"line":201,"column":18},"end":{"line":201,"column":35}}],"line":201}},"s":{"0":10,"1":4,"2":4,"3":4,"4":0,"5":4,"6":9,"7":8,"8":8,"9":10,"10":10,"11":0,"12":10,"13":8,"14":2,"15":2,"16":11,"17":11,"18":2,"19":9,"20":5,"21":4,"22":13,"23":0,"24":13,"25":7,"26":6,"27":9,"28":1,"29":1,"30":1,"31":1,"32":0,"33":1,"34":1,"35":1,"36":0,"37":0,"38":1,"39":1,"40":1,"41":1,"42":1,"43":0,"44":1,"45":1,"46":0,"47":0,"48":0,"49":1,"50":2,"51":1,"52":1,"53":1,"54":1,"55":1,"56":1,"57":1,"58":0,"59":1,"60":1,"61":1,"62":1,"63":1,"64":1,"65":1,"66":1,"67":0,"68":1,"69":1,"70":1,"71":1,"72":1,"73":1},"f":{"0":10,"1":4,"2":9,"3":8,"4":8,"5":10,"6":11,"7":13,"8":1,"9":1,"10":1,"11":0,"12":1,"13":1,"14":2,"15":0,"16":0},"b":{"0":[2,2],"1":[0,4],"2":[8,0],"3":[8,0],"4":[0,10],"5":[10,10],"6":[8,2],"7":[2,9],"8":[11,4],"9":[5,4],"10":[9,4],"11":[0,13],"12":[7,6],"13":[0,1],"14":[0,1],"15":[1,0],"16":[0,0],"17":[1,1],"18":[2,2],"19":[1,0],"20":[1,1],"21":[1,0],"22":[1,0],"23":[1,0],"24":[1,1]},"_coverageSchema":"1a1c01bbd47fc00a2c39e90264f33305004495a9","hash":"4311cb3d0399351b817e9733e93e4a21ba14c38f"}
}
