TN:
SF:src/core.js
FN:10,schematizer
FN:11,(anonymous_1)
FN:30,fnMap
FN:37,h
FN:47,processListNode
FN:48,(anonymous_5)
FN:62,processMapNode
FN:95,processChildren
FN:118,testFnList
FN:123,(anonymous_9)
FN:133,increment
FN:138,reset
FN:149,listToXML
FN:151,(anonymous_13)
FN:164,mapToXML
FN:174,(anonymous_15)
FN:191,(anonymous_16)
FNF:17
FNH:14
FNDA:10,schematizer
FNDA:4,(anonymous_1)
FNDA:9,fnMap
FNDA:8,h
FNDA:8,processListNode
FNDA:10,(anonymous_5)
FNDA:11,processMapNode
FNDA:13,processChildren
FNDA:1,testFnList
FNDA:1,(anonymous_9)
FNDA:1,increment
FNDA:0,reset
FNDA:1,listToXML
FNDA:1,(anonymous_13)
FNDA:2,mapToXML
FNDA:0,(anonymous_15)
FNDA:0,(anonymous_16)
DA:11,10
DA:13,4
DA:16,4
DA:21,4
DA:22,0
DA:26,4
DA:31,9
DA:38,8
DA:48,8
DA:49,10
DA:50,10
DA:52,0
DA:53,10
DA:54,8
DA:56,2
DA:60,2
DA:63,11
DA:64,11
DA:68,2
DA:70,9
DA:75,5
DA:81,4
DA:96,13
DA:97,0
DA:98,13
DA:99,7
DA:101,6
DA:109,9
DA:119,1
DA:123,1
DA:124,1
DA:125,1
DA:126,0
DA:131,1
DA:134,1
DA:135,1
DA:139,0
DA:140,0
DA:143,1
DA:146,1
DA:150,1
DA:151,1
DA:152,1
DA:153,0
DA:154,1
DA:155,1
DA:156,0
DA:157,0
DA:159,0
DA:162,1
DA:166,2
DA:167,1
DA:168,1
DA:169,1
DA:170,1
DA:172,1
DA:173,1
DA:174,1
DA:175,0
DA:178,1
DA:180,1
DA:181,1
DA:185,1
DA:186,1
DA:189,1
DA:190,1
DA:191,1
DA:192,0
DA:197,1
DA:200,1
DA:201,1
DA:202,1
DA:206,1
DA:208,1
LF:74
LH:62
BRDA:13,0,0,2
BRDA:13,0,1,2
BRDA:21,1,0,0
BRDA:21,1,1,4
BRDA:40,2,0,8
BRDA:40,2,1,0
BRDA:42,3,0,8
BRDA:42,3,1,0
BRDA:50,4,0,0
BRDA:50,4,1,10
BRDA:50,5,0,10
BRDA:50,5,1,10
BRDA:53,6,0,8
BRDA:53,6,1,2
BRDA:64,7,0,2
BRDA:64,7,1,9
BRDA:65,8,0,11
BRDA:65,8,1,4
BRDA:70,9,0,5
BRDA:70,9,1,4
BRDA:71,10,0,9
BRDA:71,10,1,4
BRDA:96,11,0,0
BRDA:96,11,1,13
BRDA:98,12,0,7
BRDA:98,12,1,6
BRDA:125,13,0,0
BRDA:125,13,1,1
BRDA:152,14,0,0
BRDA:152,14,1,1
BRDA:154,15,0,1
BRDA:154,15,1,0
BRDA:156,16,0,0
BRDA:156,16,1,0
BRDA:166,17,0,1
BRDA:166,17,1,1
BRDA:166,18,0,2
BRDA:166,18,1,2
BRDA:170,19,0,1
BRDA:170,19,1,0
BRDA:170,20,0,1
BRDA:170,20,1,1
BRDA:173,21,0,1
BRDA:173,21,1,0
BRDA:190,22,0,1
BRDA:190,22,1,0
BRDA:201,23,0,1
BRDA:201,23,1,0
BRDA:201,24,0,1
BRDA:201,24,1,1
BRF:50
BRH:36
end_of_record
